<?xml version="1.0" encoding="UTF-8"?>
<testng-results skipped="0" failed="1" ignored="0" total="1" passed="0">
  <reporter-output>
  </reporter-output>
  <suite name="Default suite" duration-ms="9396" started-at="2021-06-09T19:18:31 CDT" finished-at="2021-06-09T19:18:40 CDT">
    <groups>
      <group name="cucumber">
        <method signature="AbstractTestNGCucumberTests.runScenario(io.cucumber.testng.PickleWrapper,io.cucumber.testng.FeatureWrapper)[pri:0, instance:runners.RunnerTests@768b970c]" name="runScenario" class="io.cucumber.testng.AbstractTestNGCucumberTests"/>
      </group> <!-- cucumber -->
    </groups>
    <test name="Default test" duration-ms="9396" started-at="2021-06-09T19:18:31 CDT" finished-at="2021-06-09T19:18:40 CDT">
      <class name="runners.RunnerTests">
        <test-method status="PASS" signature="setUpClass()[pri:0, instance:runners.RunnerTests@768b970c]" name="setUpClass" is-config="true" duration-ms="458" started-at="2021-06-09T19:18:31 CDT" finished-at="2021-06-09T19:18:31 CDT">
          <reporter-output>
          </reporter-output>
        </test-method> <!-- setUpClass -->
        <test-method status="FAIL" signature="runScenario(io.cucumber.testng.PickleWrapper,io.cucumber.testng.FeatureWrapper)[pri:0, instance:runners.RunnerTests@768b970c]" name="runScenario" duration-ms="6368" started-at="2021-06-09T19:18:31 CDT" description="Runs Cucumber Scenarios" data-provider="scenarios" finished-at="2021-06-09T19:18:37 CDT">
          <params>
            <param index="0">
              <value>
                <![CDATA["Input Fields verify"]]>
              </value>
            </param>
            <param index="1">
              <value>
                <![CDATA["Optional[Perform simple tests]"]]>
              </value>
            </param>
          </params>
          <exception class="java.lang.AssertionError">
            <message>
              <![CDATA[The message is not equal!!! expected [ABCd] but found [ABC]]]>
            </message>
            <full-stacktrace>
              <![CDATA[java.lang.AssertionError: The message is not equal!!! expected [ABCd] but found [ABC]
at org.testng.Assert.fail(Assert.java:99)
at org.testng.Assert.failNotEquals(Assert.java:1037)
at org.testng.Assert.assertEqualsImpl(Assert.java:140)
at org.testng.Assert.assertEquals(Assert.java:122)
at org.testng.Assert.assertEquals(Assert.java:629)
at stepDefinition.DefinitionsImputFields.i_validate_the_message(DefinitionsImputFields.java:67)
at âœ½.I validate the message(file:///D:/WorkCucumber/TestNG/src/test/resources/features/ImputFields.feature:10)
]]>
            </full-stacktrace>
          </exception> <!-- java.lang.AssertionError -->
          <reporter-output>
          </reporter-output>
        </test-method> <!-- runScenario -->
        <test-method status="PASS" signature="tearDownClass()[pri:0, instance:runners.RunnerTests@768b970c]" name="tearDownClass" is-config="true" duration-ms="2549" started-at="2021-06-09T19:18:37 CDT" finished-at="2021-06-09T19:18:40 CDT">
          <reporter-output>
          </reporter-output>
        </test-method> <!-- tearDownClass -->
      </class> <!-- runners.RunnerTests -->
    </test> <!-- Default test -->
  </suite> <!-- Default suite -->
</testng-results>
